<?xml version="1.0" encoding="UTF-8"?>
<testng-results ignored="0" total="1" passed="1" failed="0" skipped="0">
  <reporter-output>
  </reporter-output>
  <suite started-at="2023-05-25T15:53:33 IST" name="Default suite" finished-at="2023-05-25T15:53:37 IST" duration-ms="3765">
    <groups>
    </groups>
    <test started-at="2023-05-25T15:53:33 IST" name="Default test" finished-at="2023-05-25T15:53:37 IST" duration-ms="3765">
      <class name="login.SuperadminLoginTest">
        <test-method is-config="true" signature="browserConfig()[pri:0, instance:login.SuperadminLoginTest@1ffaf86]" started-at="2023-05-25T15:53:33 IST" name="browserConfig" finished-at="2023-05-25T15:53:36 IST" duration-ms="2647" status="PASS">
          <reporter-output>
          </reporter-output>
        </test-method> <!-- browserConfig -->
        <test-method signature="superadminLoginTest()[pri:0, instance:login.SuperadminLoginTest@1ffaf86]" started-at="2023-05-25T15:53:36 IST" name="superadminLoginTest" finished-at="2023-05-25T15:53:37 IST" duration-ms="975" status="PASS">
          <reporter-output>
          </reporter-output>
        </test-method> <!-- superadminLoginTest -->
        <test-method is-config="true" signature="terminateBrowser()[pri:0, instance:login.SuperadminLoginTest@1ffaf86]" started-at="2023-05-25T15:53:37 IST" name="terminateBrowser" finished-at="2023-05-25T15:53:37 IST" duration-ms="105" status="PASS">
          <reporter-output>
          </reporter-output>
        </test-method> <!-- terminateBrowser -->
      </class> <!-- login.SuperadminLoginTest -->
    </test> <!-- Default test -->
  </suite> <!-- Default suite -->
</testng-results>
